Removed Pin From Net: NetName=NetC10_2 Pin=STM-5
Removed Pin From Net: NetName=NetC9_2 Pin=STM-6
Removed Pin From Net: NetName=NRST_n Pin=STM-7
Removed Pin From Net: NetName=Temp 1 Pin=STM-11
Removed Pin From Net: NetName=Temp 3 Pin=STM-16
Removed Pin From Net: NetName=Fan 1 Signal Pin=STM-20
Removed Pin From Net: NetName=Fan 1 PWM Pin=STM-21
Removed Pin From Net: NetName=Fan 2 Signal Pin=STM-22
Removed Pin From Net: NetName=Fan 2 PWM Pin=STM-23
Removed Pin From Net: NetName=Fan 3 Signal Pin=STM-24
Removed Pin From Net: NetName=Fan 3 PWM Pin=STM-25
Removed Pin From Net: NetName=Fan 4 Signal Pin=STM-26
Removed Pin From Net: NetName=Fan 4 PWM Pin=STM-27
Removed Pin From Net: NetName=Temp 4 Pin=STM-35
Removed Pin From Net: NetName=CAN_RX Pin=STM-43
Removed Pin From Net: NetName=CAN_TX Pin=STM-44
Removed Pin From Net: NetName=CAN STBY Pin=STM-45
Removed Pin From Net: NetName=Temp 2 Pin=STM-46
Removed Pin From Net: NetName=Debuging IO Pin=STM-57
Removed Pin From Net: NetName=Debuging CLK Pin=STM-58
Removed Pin From Net: NetName=BOOT0 Pin=STM-60
Removed Pin From Net: NetName=VCC3V3 Pin=U?-1
Removed Pin From Net: NetName=GND Pin=U?-12
Removed Pin From Net: NetName=VCC3V3 Pin=U?-13
Removed Pin From Net: NetName=GND Pin=U?-18
Removed Pin From Net: NetName=VCC3V3 Pin=U?-19
Removed Pin From Net: NetName=NetC20_2 Pin=U?-30
Removed Pin From Net: NetName=GND Pin=U?-31
Removed Pin From Net: NetName=VCC3V3 Pin=U?-32
Removed Pin From Net: NetName=GND Pin=U?-47
Removed Pin From Net: NetName=VCC3V3 Pin=U?-48
Removed Pin From Net: NetName=GND Pin=U?-63
Removed Pin From Net: NetName=VCC3V3 Pin=U?-64
Removed Member From Class: ClassName=STM Member=STM
Removed Member From Class: ClassName=STM Member=U?
Added Component: Designator=U1(FP-LQFP64-5W-MFG)
Add component (AddParameter): Name = "Ambient Temperature Range High"; Value = "+85°C"; VariantName = "[No Variations]"
Add component (AddParameter): Name = "Ambient Temperature Range Low"; Value = "-40°C"; VariantName = "[No Variations]"
Add component (AddParameter): Name = "Automotive"; Value = "No"; VariantName = "[No Variations]"
Add component (AddParameter): Name = "Category"; Value = "IC"; VariantName = "[No Variations]"
Add component (AddParameter): Name = "ComponentLink2Description"; Value = "Datasheet"; VariantName = "[No Variations]"
Add component (AddParameter): Name = "ComponentLink2URL"; Value = "https://www.st.com/en/microcontrollers-microprocessors/stm32f446re.html"; VariantName = "[No Variations]"
Add component (AddParameter): Name = "Core Architecture"; Value = "ARM Cortex-M4"; VariantName = "[No Variations]"
Add component (AddParameter): Name = "Data Bus Width"; Value = "32bits"; VariantName = "[No Variations]"
Add component (AddParameter): Name = "Device Class L1"; Value = "Integrated Circuits (ICs)"; VariantName = "[No Variations]"
Add component (AddParameter): Name = "Device Class L2"; Value = "Embedded Processors and Controllers"; VariantName = "[No Variations]"
Add component (AddParameter): Name = "Device Class L3"; Value = "Microcontrollers"; VariantName = "[No Variations]"
Add component (AddParameter): Name = "Digikey Description"; Value = "IC MCU 32BIT 512KB FLASH 64LQFP"; VariantName = "[No Variations]"
Add component (AddParameter): Name = "Frequency"; Value = "180MHz"; VariantName = "[No Variations]"
Add component (AddParameter): Name = "Height"; Value = "1.6mm"; VariantName = "[No Variations]"
Add component (AddParameter): Name = "Interface"; Value = "I2C,SPI,UART,USART,CAN,USB,LIN,IrDA,I2S,Other"; VariantName = "[No Variations]"
Add component (AddParameter): Name = "Ipc Land Pattern Name"; Value = "QFP50P1200X1200X160-64"; VariantName = "[No Variations]"
Add component (AddParameter): Name = "Lead Free"; Value = "Yes"; VariantName = "[No Variations]"
Add component (AddParameter): Name = "Manufacturer"; Value = "ST"; VariantName = "[No Variations]"
Add component (AddParameter): Name = "Manufacturer Part Number"; Value = "STM32F446RET6"; VariantName = "[No Variations]"
Add component (AddParameter): Name = "Max Junction Temp"; Value = "+105°C"; VariantName = "[No Variations]"
Add component (AddParameter): Name = "Max Supply Voltage"; Value = "3.6V"; VariantName = "[No Variations]"
Add component (AddParameter): Name = "Memory Size"; Value = "512KBytes"; VariantName = "[No Variations]"
Add component (AddParameter): Name = "Memory Type"; Value = "FLASH"; VariantName = "[No Variations]"
Add component (AddParameter): Name = "Min Supply Voltage"; Value = "1.7V"; VariantName = "[No Variations]"
Add component (AddParameter): Name = "Mouser Description"; Value = "ARM Microcontrollers - MCU High-performance and DSP with FP, ARM Cortex-M4 MCU with 512 Kbytes Flash, 180 MHz CPU, Art Accelerator, SDRAM"; VariantName = "[No Variations]"
Add component (AddParameter): Name = "Number Of A/D Converters"; Value = "3"; VariantName = "[No Variations]"
Add component (AddParameter): Name = "Number Of Adc Channels"; Value = "16"; VariantName = "[No Variations]"
Add component (AddParameter): Name = "Number Of Cores"; Value = "1"; VariantName = "[No Variations]"
Add component (AddParameter): Name = "Number Of I2C Channels"; Value = "4"; VariantName = "[No Variations]"
Add component (AddParameter): Name = "Number Of I/Os"; Value = "50"; VariantName = "[No Variations]"
Add component (AddParameter): Name = "Number Of Pwm Channels"; Value = "32"; VariantName = "[No Variations]"
Add component (AddParameter): Name = "Number Of Spi Channels"; Value = "4"; VariantName = "[No Variations]"
Add component (AddParameter): Name = "Number Of Timers/Counters"; Value = "14"; VariantName = "[No Variations]"
Add component (AddParameter): Name = "Number Of Uart Channels"; Value = "6"; VariantName = "[No Variations]"
Add component (AddParameter): Name = "Number Of Usb Channels"; Value = "2"; VariantName = "[No Variations]"
Add component (AddParameter): Name = "Octopart"; Value = "https://octopart.com/stm32f446ret6-stmicroelectronics-52642920"; VariantName = "[No Variations]"
Add component (AddParameter): Name = "Package"; Value = "LQFP64-5W"; VariantName = "[No Variations]"
Add component (AddParameter): Name = "Ram Size"; Value = "128KBytes"; VariantName = "[No Variations]"
Add component (AddParameter): Name = "RoHS"; Value = "TRUE"; VariantName = "[No Variations]"
Add component (AddParameter): Name = "Standoff Height"; Value = "0.05mm"; VariantName = "[No Variations]"
Add component (AddParameter): Name = "Temperature"; Value = "-40°C to +105°C"; VariantName = "[No Variations]"
Add component (AddParameter): Name = "Temperature Range High"; Value = "+105°C"; VariantName = "[No Variations]"
Add component (AddParameter): Name = "Temperature Range Low"; Value = "-40°C"; VariantName = "[No Variations]"
Added Pin To Net: NetName=VCC3V3 Pin=U1-1
Added Pin To Net: NetName=NetC10_2 Pin=U1-5
Added Pin To Net: NetName=NetC9_2 Pin=U1-6
Added Pin To Net: NetName=NRST_n Pin=U1-7
Added Pin To Net: NetName=Temp 1 Pin=U1-11
Added Pin To Net: NetName=GND Pin=U1-12
Added Pin To Net: NetName=VCC3V3 Pin=U1-13
Added Pin To Net: NetName=Temp 3 Pin=U1-16
Added Pin To Net: NetName=GND Pin=U1-18
Added Pin To Net: NetName=VCC3V3 Pin=U1-19
Added Pin To Net: NetName=Fan 1 Signal Pin=U1-20
Added Pin To Net: NetName=Fan 1 PWM Pin=U1-21
Added Pin To Net: NetName=Fan 2 Signal Pin=U1-22
Added Pin To Net: NetName=Fan 2 PWM Pin=U1-23
Added Pin To Net: NetName=Fan 3 Signal Pin=U1-24
Added Pin To Net: NetName=Fan 3 PWM Pin=U1-25
Added Pin To Net: NetName=Fan 4 Signal Pin=U1-26
Added Pin To Net: NetName=Fan 4 PWM Pin=U1-27
Added Pin To Net: NetName=NetC20_2 Pin=U1-30
Added Pin To Net: NetName=GND Pin=U1-31
Added Pin To Net: NetName=VCC3V3 Pin=U1-32
Added Pin To Net: NetName=Temp 4 Pin=U1-35
Added Pin To Net: NetName=CAN_RX Pin=U1-43
Added Pin To Net: NetName=CAN_TX Pin=U1-44
Added Pin To Net: NetName=CAN STBY Pin=U1-45
Added Pin To Net: NetName=Temp 2 Pin=U1-46
Added Pin To Net: NetName=GND Pin=U1-47
Added Pin To Net: NetName=VCC3V3 Pin=U1-48
Added Pin To Net: NetName=Debuging IO Pin=U1-57
Added Pin To Net: NetName=Debuging CLK Pin=U1-58
Added Pin To Net: NetName=BOOT0 Pin=U1-60
Added Pin To Net: NetName=GND Pin=U1-63
Added Pin To Net: NetName=VCC3V3 Pin=U1-64
Change Net Name : Old Net Name=VCC3V3 New Net Name=VCAP_1
Added Pin To Net: NetName=NetU1_2 Pin=U1-2
Added Net: Name=NetU1_2
Added Pin To Net: NetName=NetU1_3 Pin=U1-3
Added Net: Name=NetU1_3
Added Pin To Net: NetName=NetU1_4 Pin=U1-4
Added Net: Name=NetU1_4
Added Pin To Net: NetName=NetU1_8 Pin=U1-8
Added Net: Name=NetU1_8
Added Pin To Net: NetName=NetU1_9 Pin=U1-9
Added Net: Name=NetU1_9
Added Pin To Net: NetName=NetU1_10 Pin=U1-10
Added Net: Name=NetU1_10
Added Pin To Net: NetName=NetU1_14 Pin=U1-14
Added Net: Name=NetU1_14
Added Pin To Net: NetName=NetU1_15 Pin=U1-15
Added Net: Name=NetU1_15
Added Pin To Net: NetName=NetU1_17 Pin=U1-17
Added Net: Name=NetU1_17
Added Pin To Net: NetName=NetU1_28 Pin=U1-28
Added Net: Name=NetU1_28
Added Pin To Net: NetName=NetU1_29 Pin=U1-29
Added Net: Name=NetU1_29
Added Pin To Net: NetName=NetU1_33 Pin=U1-33
Added Net: Name=NetU1_33
Added Pin To Net: NetName=NetU1_34 Pin=U1-34
Added Net: Name=NetU1_34
Added Pin To Net: NetName=NetU1_36 Pin=U1-36
Added Net: Name=NetU1_36
Added Pin To Net: NetName=NetU1_37 Pin=U1-37
Added Net: Name=NetU1_37
Added Pin To Net: NetName=NetU1_38 Pin=U1-38
Added Net: Name=NetU1_38
Added Pin To Net: NetName=NetU1_39 Pin=U1-39
Added Net: Name=NetU1_39
Added Pin To Net: NetName=NetU1_40 Pin=U1-40
Added Net: Name=NetU1_40
Added Pin To Net: NetName=NetU1_41 Pin=U1-41
Added Net: Name=NetU1_41
Added Pin To Net: NetName=NetU1_42 Pin=U1-42
Added Net: Name=NetU1_42
Added Pin To Net: NetName=NetU1_49 Pin=U1-49
Added Net: Name=NetU1_49
Added Pin To Net: NetName=NetU1_50 Pin=U1-50
Added Net: Name=NetU1_50
Added Pin To Net: NetName=NetU1_51 Pin=U1-51
Added Net: Name=NetU1_51
Added Pin To Net: NetName=NetU1_52 Pin=U1-52
Added Net: Name=NetU1_52
Added Pin To Net: NetName=NetU1_53 Pin=U1-53
Added Net: Name=NetU1_53
Added Pin To Net: NetName=NetU1_54 Pin=U1-54
Added Net: Name=NetU1_54
Added Pin To Net: NetName=NetU1_55 Pin=U1-55
Added Net: Name=NetU1_55
Added Pin To Net: NetName=NetU1_56 Pin=U1-56
Added Net: Name=NetU1_56
Added Pin To Net: NetName=NetU1_59 Pin=U1-59
Added Net: Name=NetU1_59
Added Pin To Net: NetName=NetU1_61 Pin=U1-61
Added Net: Name=NetU1_61
Added Pin To Net: NetName=NetU1_62 Pin=U1-62
Added Net: Name=NetU1_62
Added Member To Class: ClassName=STM Member=Component U1 STM32F446RET6
